<?xml version="1.0" encoding="UTF-8"?>
<!-- Generated by org.testng.reporters.JUnitReportReporter -->
<testsuite hostname="LAPTOP-JSVPJAP6" failures="0" tests="1" name="pac1.Jira_Api_AddComment" time="5.777" errors="0" timestamp="2020-11-20T21:33:19 CST" skipped="0">
  <testcase classname="pac1.Jira_Api_AddComment" name="addCommentJiraTest" time="5.777"/>
  <system-out/>
</testsuite> <!-- pac1.Jira_Api_AddComment -->
