<?xml version="1.0" encoding="UTF-8"?>
<!-- Generated by org.testng.reporters.JUnitReportReporter -->
<testsuite hostname="LAPTOP-JSVPJAP6" failures="0" tests="1" name="pac1.AddAttachment" time="2.735" errors="0" timestamp="2020-11-21T18:12:38 CST" skipped="0">
  <testcase classname="pac1.AddAttachment" name="f" time="2.735"/>
  <system-out/>
</testsuite> <!-- pac1.AddAttachment -->
