<?xml version="1.0" encoding="UTF-8"?>
<!-- Generated by org.testng.reporters.JUnitReportReporter -->
<testsuite hostname="LAPTOP-JSVPJAP6" failures="0" tests="1" name="pac1.SerializaitonPojo" time="3.230" errors="0" timestamp="2020-11-27T14:09:17 CST" skipped="0">
  <testcase classname="pac1.SerializaitonPojo" name="SerializationTest" time="3.230"/>
  <system-out/>
</testsuite> <!-- pac1.SerializaitonPojo -->
