<?xml version="1.0" encoding="UTF-8"?>
<!-- Generated by org.testng.reporters.JUnitReportReporter -->
<testsuite hostname="LAPTOP-JSVPJAP6" failures="0" tests="1" name="pac1.OAuth2PojoTest" time="4.331" errors="0" timestamp="2020-11-27T00:16:36 CST" skipped="0">
  <testcase classname="pac1.OAuth2PojoTest" name="f" time="4.331"/>
  <system-out/>
</testsuite> <!-- pac1.OAuth2PojoTest -->
