<?xml version="1.0" encoding="UTF-8"?>
<!-- Generated by org.testng.reporters.JUnitReportReporter -->
<testsuite hostname="LAPTOP-JSVPJAP6" failures="0" tests="1" name="pac1.End_To_End_Flow" time="7.334" errors="0" timestamp="2020-11-21T19:26:39 CST" skipped="0">
  <testcase classname="pac1.End_To_End_Flow" name="f" time="7.334"/>
  <system-out/>
</testsuite> <!-- pac1.End_To_End_Flow -->
