<?xml version="1.0" encoding="UTF-8"?>
<!-- Generated by org.testng.reporters.JUnitReportReporter -->
<testsuite hostname="LAPTOP-JSVPJAP6" failures="0" tests="1" name="pac1.SpecBuilderTest" time="3.600" errors="0" timestamp="2020-11-27T20:16:59 CST" skipped="0">
  <testcase classname="pac1.SpecBuilderTest" name="SerializationTest" time="3.600"/>
  <system-out/>
</testsuite> <!-- pac1.SpecBuilderTest -->
