<?xml version="1.0" encoding="UTF-8"?>
<!-- Generated by org.testng.reporters.JUnitReportReporter -->
<testsuite hostname="LAPTOP-JSVPJAP6" failures="0" tests="1" name="pac1.Jira_Api_GET_Issue" time="2.303" errors="0" timestamp="2020-11-21T19:20:33 CST" skipped="0">
  <testcase classname="pac1.Jira_Api_GET_Issue" name="f" time="2.303"/>
  <system-out/>
</testsuite> <!-- pac1.Jira_Api_GET_Issue -->
