<?xml version="1.0" encoding="UTF-8"?>
<!-- Generated by org.testng.reporters.JUnitReportReporter -->
<testsuite hostname="LAPTOP-JSVPJAP6" failures="0" tests="1" name="pac1.JIRA_API_POST_CreateSession" time="128.279" errors="0" timestamp="2020-11-20T20:04:42 CST" skipped="0">
  <testcase classname="pac1.JIRA_API_POST_CreateSession" name="addIssueInJira" time="128.279"/>
  <system-out/>
</testsuite> <!-- pac1.JIRA_API_POST_CreateSession -->
