<?xml version="1.0" encoding="UTF-8"?>
<!-- Generated by org.testng.reporters.JUnitReportReporter -->
<testsuite hostname="LAPTOP-JSVPJAP6" failures="0" tests="1" name="pac1.OAuth2Test" time="4.119" errors="0" timestamp="2020-11-26T22:27:35 CST" skipped="0">
  <testcase classname="pac1.OAuth2Test" name="f" time="4.119"/>
  <system-out/>
</testsuite> <!-- pac1.OAuth2Test -->
