<?xml version="1.0" encoding="UTF-8"?>
<!-- Generated by org.testng.reporters.JUnitReportReporter -->
<testsuite skipped="0" hostname="LAPTOP-JSVPJAP6" name="pac1.POST_AddBook" tests="1" failures="0" timestamp="2021-01-28T23:34:01 CST" time="4.962" errors="0">
  <testcase name="addBookTest" time="4.962" classname="pac1.POST_AddBook"/>
  <system-out/>
</testsuite> <!-- pac1.POST_AddBook -->
