<?xml version="1.0" encoding="UTF-8"?>
<!-- Generated by org.testng.reporters.JUnitReportReporter -->
<testsuite hostname="LAPTOP-JSVPJAP6" failures="0" tests="1" name="pac1.PassJsonFromExternalFile" time="3.064" errors="0" timestamp="2020-11-15T00:41:51 CST" skipped="0">
  <testcase classname="pac1.PassJsonFromExternalFile" name="addBookTest" time="3.064"/>
  <system-out/>
</testsuite> <!-- pac1.PassJsonFromExternalFile -->
