<?xml version="1.0" encoding="UTF-8"?>
<!-- Generated by org.testng.reporters.JUnitReportReporter -->
<testsuite hostname="LAPTOP-JSVPJAP6" failures="0" tests="1" name="pac1.Jira_Api_POST_SessionFilter_AddComment" time="3.125" errors="0" timestamp="2020-11-20T21:36:17 CST" skipped="0">
  <testcase classname="pac1.Jira_Api_POST_SessionFilter_AddComment" name="addCommentJiraTest" time="3.125"/>
  <system-out/>
</testsuite> <!-- pac1.Jira_Api_POST_SessionFilter_AddComment -->
